current directory: /Users/wessilfie/Documents/GitHub/wessilfie.github.io/gems/rdiscount-2.2.7.3/ext
/opt/homebrew/opt/ruby/bin/ruby extconf.rb --with-cflags\=-Wno-error\=implicit-int -Wno-error\=implicit-function-declaration
checking for random()... yes
checking for srandom()... yes
checking for rand()... yes
checking for srand()... yes
checking size of unsigned long... 8
checking size of unsigned int... 4
checking size of unsigned int... 4
checking size of unsigned short... 2
creating Makefile

current directory: /Users/wessilfie/Documents/GitHub/wessilfie.github.io/gems/rdiscount-2.2.7.3/ext
make -j13 DESTDIR\= sitearchdir\=./.gem.20251230-3391-lftlfr sitelibdir\=./.gem.20251230-3391-lftlfr clean

current directory: /Users/wessilfie/Documents/GitHub/wessilfie.github.io/gems/rdiscount-2.2.7.3/ext
make -j13 DESTDIR\= sitearchdir\=./.gem.20251230-3391-lftlfr sitelibdir\=./.gem.20251230-3391-lftlfr
compiling Csio.c
compiling amalloc.c
compiling basename.c
compiling css.c
compiling docheader.c
compiling dumptree.c
compiling emmatch.c
compiling generate.c
compiling flags.c
compiling gethopt.c
compiling github_flavoured.c
compiling html5.c
compiling h1title.c
amalloc.c:40:14: warning: using the result of an assignment as a condition without parentheses [-Wparentheses]
   40 |     if ( ret = calloc(count + sizeof(struct alist) + sizeof(int), size) ) {
      |          ~~~~^~~~~~~~~~~~~~~~~~~~~~~~~~~~~~~~~~~~~~~~~~~~~~~~~~~~~~~~~~
amalloc.c:40:14: note: place parentheses around the assignment to silence this warning
   40 |     if ( ret = calloc(count + sizeof(struct alist) + sizeof(int), size) ) {
      |              ^
      |          (                                                             )
amalloc.c:40:14: note: use '==' to turn this assignment into an equality comparison
   40 |     if ( ret = calloc(count + sizeof(struct alist) + sizeof(int), size) ) {
      |              ^
      |              ==
1 warning generated.
gethopt.c:13:1: warning: a function definition without a prototype is deprecated in all versions of C and is not supported in C2x [-Wdeprecated-non-prototype]
   13 | hoptset(ctx, argc, argv)
      | ^
gethopt.c:26:1: warning: a function definition without a prototype is deprecated in all versions of C and is not supported in C2x [-Wdeprecated-non-prototype]
   26 | hoptarg(ctx)
      | ^
gethopt.c:33:1: warning: a function definition without a prototype is deprecated in all versions of C and is not supported in C2x [-Wdeprecated-non-prototype]
   33 | hoptind(ctx)
      | ^
gethopt.c:40:1: warning: a function definition without a prototype is deprecated in all versions of C and is not supported in C2x [-Wdeprecated-non-prototype]
   40 | hoptopt(ctx)
      | ^
gethopt.c:58:1: warning: a function definition without a prototype is deprecated in all versions of C and is not supported in C2x [-Wdeprecated-non-prototype]
   58 | gethopt(ctx, opts, nropts)
      | ^
gethopt.c:78:18: warning: implicit truncation from 'int' to a one-bit wide bit-field changes value from 1 to -1 [-Wsingle-bit-bitfield-constant-conversion]
   78 |             ctx->optend = 1;
      |                         ^ ~
gethopt.c:86:18: warning: implicit truncation from 'int' to a one-bit wide bit-field changes value from 1 to -1 [-Wsingle-bit-bitfield-constant-conversion]
   86 |             ctx->optend = 1;
      |                         ^ ~
compiling mkdio.c
7 warnings generated.
compiling mktags.c
compiling markdown.c
compiling notspecial.c
compiling pgm_options.c
compiling rdiscount.c
compiling resource.c
compiling setup.c
compiling toc.c
compiling tags.c
flags.c:57:11: warning: using the result of an assignment as a condition without parentheses [-Wparentheses]
   57 |         if ( not = (*name == '!') ) {
      |              ~~~~^~~~~~~~~~~~~~~~
flags.c:57:11: note: place parentheses around the assignment to silence this warning
   57 |         if ( not = (*name == '!') ) {
      |                  ^
      |              (                   )
flags.c:57:11: note: use '==' to turn this assignment into an equality comparison
   57 |         if ( not = (*name == '!') ) {
      |                  ^
      |                  ==
generate.c:184:12: warning: passing 'const void *' to parameter of type 'MMIOT *' (aka 'struct mmiot *') discards qualifiers [-Wincompatible-pointer-types-discards-qualifiers]
  184 |   Qchar(n, iot);
      |            ^~~
generate.c:131:21: note: passing argument to parameter 'f' here
  131 | Qchar(int c, MMIOT *f)
      |                     ^
generate.c:185:1: warning: non-void function does not return a value [-Wreturn-type]
  185 | }
      | ^
1 warning generated.
generate.c:634:1: warning: a function definition without a prototype is deprecated in all versions of C and is not supported in C2x [-Wdeprecated-non-prototype]
  634 | p_or_nothing(p)
      | ^
generate.c:698:19: warning: using the result of an assignment as a condition without parentheses [-Wparentheses]
  698 |     else if ( tag = pseudo(ref->link) ) {
      |               ~~~~^~~~~~~~~~~~~~~~~~~
generate.c:698:19: note: place parentheses around the assignment to silence this warning
  698 |     else if ( tag = pseudo(ref->link) ) {
      |                   ^
      |               (                      )
generate.c:698:19: note: use '==' to turn this assignment into an equality comparison
  698 |     else if ( tag = pseudo(ref->link) ) {
      |                   ^
      |                   ==
generate.c:797:12: warning: using the result of an assignment as a condition without parentheses [-Wparentheses]
  797 |                 if ( ref = bsearch(&key, T(f->footnotes->note),
      |                      ~~~~^~~~~~~~~~~~~~~~~~~~~~~~~~~~~~~~~~~~~~
  798 |                                          S(f->footnotes->note),
      |                                          ~~~~~~~~~~~~~~~~~~~~~~
  799 |                                          sizeof key, (stfu)__mkd_footsort) ) {
      |                                          ~~~~~~~~~~~~~~~~~~~~~~~~~~~~~~~~~
generate.c:797:12: note: place parentheses around the assignment to silence this warning
  797 |                 if ( ref = bsearch(&key, T(f->footnotes->note),
      |                          ^
      |                      (
  798 |                                          S(f->footnotes->note),
  799 |                                          sizeof key, (stfu)__mkd_footsort) ) {
      |                                                                           )
generate.c:797:12: note: use '==' to turn this assignment into an equality comparison
  797 |                 if ( ref = bsearch(&key, T(f->footnotes->note),
      |                          ^
      |                          ==
compiling version.c
emmatch.c:113:20: warning: using the result of an assignment as a condition without parentheses [-Wparentheses]
  113 |     case 2: if ( e = empair(f,first,last,match=2) )
      |                  ~~^~~~~~~~~~~~~~~~~~~~~~~~~~~~~~
emmatch.c:113:20: note: place parentheses around the assignment to silence this warning
  113 |     case 2: if ( e = empair(f,first,last,match=2) )
      |                    ^
      |                  (                               )
emmatch.c:113:20: note: use '==' to turn this assignment into an equality comparison
  113 |     case 2: if ( e = empair(f,first,last,match=2) )
      |                    ^
      |                    ==
1 warning generated.
markdown.c:266:14: warning: using the result of an assignment as a condition without parentheses [-Wparentheses]
  266 |            if ( end = strstr(T(t->text), "-->") ) {
      |                 ~~~~^~~~~~~~~~~~~~~~~~~~~~~~~~~
markdown.c:266:14: note: place parentheses around the assignment to silence this warning
  266 |            if ( end = strstr(T(t->text), "-->") ) {
      |                     ^
      |                 (                              )
markdown.c:266:14: note: use '==' to turn this assignment into an equality comparison
  266 |            if ( end = strstr(T(t->text), "-->") ) {
      |                     ^
      |                     ==
compiling xml.c
markdown.c:317:16: warning: using the result of an assignment as a condition without parentheses [-Wparentheses]
  317 |                 if ( closing = (c == '/') ) c = flogetc(&f);
      |                      ~~~~~~~~^~~~~~~~~~~~
markdown.c:317:16: note: place parentheses around the assignment to silence this warning
  317 |                 if ( closing = (c == '/') ) c = flogetc(&f);
      |                              ^
      |                      (                   )
markdown.c:317:16: note: use '==' to turn this assignment into an equality comparison
  317 |                 if ( closing = (c == '/') ) c = flogetc(&f);
      |                              ^
      |                              ==
markdown.c:491:8: warning: using the result of an assignment as a condition without parentheses [-Wparentheses]
  491 |         if ( x=is_extra_dt(t->next, clip, flags) )
      |              ~^~~~~~~~~~~~~~~~~~~~~~~~~~~~~~~~~~
markdown.c:491:8: note: place parentheses around the assignment to silence this warning
  491 |         if ( x=is_extra_dt(t->next, clip, flags) )
      |               ^
      |              (                                  )
markdown.c:491:8: note: use '==' to turn this assignment into an equality comparison
  491 |         if ( x=is_extra_dt(t->next, clip, flags) )
      |               ^
      |               ==
markdown.c:504:14: warning: using the result of an assignment as a condition without parentheses [-Wparentheses]
  504 |     if ( ret = is_discount_dt(t,clip,flags) )
      |          ~~~~^~~~~~~~~~~~~~~~~~~~~~~~~~~~~~
markdown.c:504:14: note: place parentheses around the assignment to silence this warning
  504 |     if ( ret = is_discount_dt(t,clip,flags) )
      |              ^
      |          (                                 )
markdown.c:504:14: note: use '==' to turn this assignment into an equality comparison
  504 |     if ( ret = is_discount_dt(t,clip,flags) )
      |              ^
      |              ==
markdown.c:832:16: warning: using the result of an assignment as a condition without parentheses [-Wparentheses]
  832 |         if ( p->ident = malloc(4+strlen(prefix)+S(q->text)) )
      |              ~~~~~~~~~^~~~~~~~~~~~~~~~~~~~~~~~~~~~~~~~~~~~~
markdown.c:832:16: note: place parentheses around the assignment to silence this warning
  832 |         if ( p->ident = malloc(4+strlen(prefix)+S(q->text)) )
      |                       ^
      |              (                                             )
markdown.c:832:16: note: use '==' to turn this assignment into an equality comparison
  832 |         if ( p->ident = malloc(4+strlen(prefix)+S(q->text)) )
      |                       ^
      |                       ==
markdown.c:944:12: warning: using the result of an assignment as a condition without parentheses [-Wparentheses]
  944 |         if ( para = (text != q->next) )
      |              ~~~~~^~~~~~~~~~~~~~~~~~~
markdown.c:944:12: note: place parentheses around the assignment to silence this warning
  944 |         if ( para = (text != q->next) )
      |                   ^
      |              (                       )
markdown.c:944:12: note: use '==' to turn this assignment into an equality comparison
  944 |         if ( para = (text != q->next) )
      |                   ^
      |                   ==
markdown.c:967:12: warning: using the result of an assignment as a condition without parentheses [-Wparentheses]
  967 |         if ( para = (q != text) ) {
      |              ~~~~~^~~~~~~~~~~~~
markdown.c:967:12: note: place parentheses around the assignment to silence this warning
  967 |         if ( para = (q != text) ) {
      |                   ^
      |              (                 )
markdown.c:967:12: note: use '==' to turn this assignment into an equality comparison
  967 |         if ( para = (q != text) ) {
      |                   ^
      |                   ==
markdown.c:1007:12: warning: using the result of an assignment as a condition without parentheses [-Wparentheses]
 1007 |         if ( para = (q != text) ) {
      |              ~~~~~^~~~~~~~~~~~~
markdown.c:1007:12: note: place parentheses around the assignment to silence this warning
 1007 |         if ( para = (q != text) ) {
      |                   ^
      |              (                 )
markdown.c:1007:12: note: use '==' to turn this assignment into an equality comparison
 1007 |         if ( para = (q != text) ) {
      |                   ^
      |                   ==
markdown.c:1347:23: warning: using the result of an assignment as a condition without parentheses [-Wparentheses]
 1347 |         else if ( list_class = islist(ptr, &indent, f->flags, &list_type) ) {
      |                   ~~~~~~~~~~~^~~~~~~~~~~~~~~~~~~~~~~~~~~~~~~~~~~~~~~~~~~~
markdown.c:1347:23: note: place parentheses around the assignment to silence this warning
 1347 |         else if ( list_class = islist(ptr, &indent, f->flags, &list_type) ) {
      |                              ^
      |                   (                                                      )
markdown.c:1347:23: note: use '==' to turn this assignment into an equality comparison
 1347 |         else if ( list_class = islist(ptr, &indent, f->flags, &list_type) ) {
      |                              ^
      |                              ==
mkdio.c:28:16: warning: using the result of an assignment as a condition without parentheses [-Wparentheses]
   28 |         if ( ret->ctx = calloc(sizeof(MMIOT), 1) ) {
      |              ~~~~~~~~~^~~~~~~~~~~~~~~~~~~~~~~~~~
mkdio.c:28:16: note: place parentheses around the assignment to silence this warning
   28 |         if ( ret->ctx = calloc(sizeof(MMIOT), 1) ) {
      |                       ^
      |              (                                  )
mkdio.c:28:16: note: use '==' to turn this assignment into an equality comparison
   28 |         if ( ret->ctx = calloc(sizeof(MMIOT), 1) ) {
      |                       ^
      |                       ==
toc.c:19:13: warning: passing 'const void *' to parameter of type 'Cstring *' discards qualifiers [-Wincompatible-pointer-types-discards-qualifiers]
   19 |   Csputc(n, iot);
      |             ^~~
./cstring.h:72:34: note: passing argument to parameter here
   72 | extern void Csputc(int, Cstring *);
      |                                  ^
toc.c:20:1: warning: non-void function does not return a value [-Wreturn-type]
   20 | }
      | ^
mkdio.c:332:14: warning: using the result of an assignment as a condition without parentheses [-Wparentheses]
  332 |     if ( len = S(f.out) ) {
      |          ~~~~^~~~~~~~~~
mkdio.c:332:14: note: place parentheses around the assignment to silence this warning
  332 |     if ( len = S(f.out) ) {
      |              ^
      |          (             )
mkdio.c:332:14: note: use '==' to turn this assignment into an equality comparison
  332 |     if ( len = S(f.out) ) {
      |              ^
      |              ==
2 warnings generated.
compiling xmlpage.c
2 warnings generated.
9 warnings generated.
5 warnings generated.
xml.c:49:14: warning: using the result of an assignment as a condition without parentheses [-Wparentheses]
   49 |         if ( entity = mkd_xmlchar(c) )
      |              ~~~~~~~^~~~~~~~~~~~~~~~
xml.c:49:14: note: place parentheses around the assignment to silence this warning
   49 |         if ( entity = mkd_xmlchar(c) )
      |                     ^
      |              (                      )
xml.c:49:14: note: use '==' to turn this assignment into an equality comparison
   49 |         if ( entity = mkd_xmlchar(c) )
      |                     ^
      |                     ==
xml.c:72:14: warning: using the result of an assignment as a condition without parentheses [-Wparentheses]
   72 |         if ( entity = mkd_xmlchar(c) )
      |              ~~~~~~~^~~~~~~~~~~~~~~~
xml.c:72:14: note: place parentheses around the assignment to silence this warning
   72 |         if ( entity = mkd_xmlchar(c) )
      |                     ^
      |              (                      )
xml.c:72:14: note: use '==' to turn this assignment into an equality comparison
   72 |         if ( entity = mkd_xmlchar(c) )
      |                     ^
      |                     ==
2 warnings generated.
xmlpage.c:28:13: warning: using the result of an assignment as a condition without parentheses [-Wparentheses]
   28 |         if ( title = mkd_doc_title(p) ) {
      |              ~~~~~~^~~~~~~~~~~~~~~~~~
xmlpage.c:28:13: note: place parentheses around the assignment to silence this warning
   28 |         if ( title = mkd_doc_title(p) ) {
      |                    ^
      |              (                       )
xmlpage.c:28:13: note: use '==' to turn this assignment into an equality comparison
   28 |         if ( title = mkd_doc_title(p) ) {
      |                    ^
      |                    ==
1 warning generated.
linking shared-object rdiscount.bundle

current directory: /Users/wessilfie/Documents/GitHub/wessilfie.github.io/gems/rdiscount-2.2.7.3/ext
make -j13 DESTDIR\= sitearchdir\=./.gem.20251230-3391-lftlfr sitelibdir\=./.gem.20251230-3391-lftlfr install
/usr/bin/install -c -m 0755 rdiscount.bundle ./.gem.20251230-3391-lftlfr

current directory: /Users/wessilfie/Documents/GitHub/wessilfie.github.io/gems/rdiscount-2.2.7.3/ext
make DESTDIR\= sitearchdir\=./.gem.20251230-3391-lftlfr sitelibdir\=./.gem.20251230-3391-lftlfr clean
