current directory: /Users/wessilfie/Documents/GitHub/wessilfie.github.io/gems/json-2.18.0/ext/json/ext/parser
/opt/homebrew/opt/ruby/bin/ruby extconf.rb
checking for rb_enc_interned_str() in ruby/encoding.h... yes
checking for rb_str_to_interned_str() in ruby.h... yes
checking for rb_hash_new_capa() in ruby.h... yes
checking for rb_hash_bulk_insert() in ruby.h... yes
checking for whether -std=c99 is accepted as CFLAGS... yes
checking for arm_neon.h... yes
checking for cpuid.h... no
creating Makefile

current directory: /Users/wessilfie/Documents/GitHub/wessilfie.github.io/gems/json-2.18.0/ext/json/ext/parser
make -j13 DESTDIR\= sitearchdir\=./.gem.20251230-3391-ihyn32 sitelibdir\=./.gem.20251230-3391-ihyn32 clean

current directory: /Users/wessilfie/Documents/GitHub/wessilfie.github.io/gems/json-2.18.0/ext/json/ext/parser
make -j13 DESTDIR\= sitearchdir\=./.gem.20251230-3391-ihyn32 sitelibdir\=./.gem.20251230-3391-ihyn32
compiling parser.c
linking shared-object json/ext/parser.bundle

current directory: /Users/wessilfie/Documents/GitHub/wessilfie.github.io/gems/json-2.18.0/ext/json/ext/parser
make -j13 DESTDIR\= sitearchdir\=./.gem.20251230-3391-ihyn32 sitelibdir\=./.gem.20251230-3391-ihyn32 install
/usr/bin/install -c -m 0755 parser.bundle ./.gem.20251230-3391-ihyn32/json/ext

current directory: /Users/wessilfie/Documents/GitHub/wessilfie.github.io/gems/json-2.18.0/ext/json/ext/parser
make DESTDIR\= sitearchdir\=./.gem.20251230-3391-ihyn32 sitelibdir\=./.gem.20251230-3391-ihyn32 clean
